# JRE version: OpenJDK Runtime Environment (11.0.20+8) (build 11.0.20+8-post-Ubuntu-1ubuntu122.04)
# Java VM: OpenJDK 64-Bit Server VM (11.0.20+8-post-Ubuntu-1ubuntu122.04, mixed mode, sharing, tiered, compressed oops, g1 gc, linux-amd64)
Heap:
 garbage-first heap   total 65536K, used 3424K [0x00000000c2e00000, 0x0000000100000000)
  region size 1024K, 2 young (2048K), 1 survivors (1024K)
 Metaspace       used 7643K, capacity 7971K, committed 8192K, reserved 1056768K
  class space    used 842K, capacity 977K, committed 1024K, reserved 1048576K
GC Heap History (10 events):
Event: 0.212 GC heap before
{Heap before GC invocations=0 (full 0):
 garbage-first heap   total 65536K, used 7888K [0x00000000c2e00000, 0x0000000100000000)
  region size 1024K, 7 young (7168K), 0 survivors (0K)
 Metaspace       used 5236K, capacity 5550K, committed 5632K, reserved 1056768K
  class space    used 612K, capacity 706K, committed 768K, reserved 1048576K
}
Event: 0.215 GC heap after
{Heap after GC invocations=1 (full 0):
 garbage-first heap   total 65536K, used 2507K [0x00000000c2e00000, 0x0000000100000000)
  region size 1024K, 1 young (1024K), 1 survivors (1024K)
 Metaspace       used 5236K, capacity 5550K, committed 5632K, reserved 1056768K
  class space    used 612K, capacity 706K, committed 768K, reserved 1048576K
}
Event: 0.344 GC heap before
{Heap before GC invocations=1 (full 0):
 garbage-first heap   total 65536K, used 5579K [0x00000000c2e00000, 0x0000000100000000)
  region size 1024K, 4 young (4096K), 1 survivors (1024K)
 Metaspace       used 6421K, capacity 6710K, committed 6784K, reserved 1056768K
  class space    used 748K, capacity 879K, committed 896K, reserved 1048576K
}
Event: 0.347 GC heap after
{Heap after GC invocations=2 (full 0):
 garbage-first heap   total 65536K, used 3389K [0x00000000c2e00000, 0x0000000100000000)
  region size 1024K, 1 young (1024K), 1 survivors (1024K)
 Metaspace       used 6421K, capacity 6710K, committed 6784K, reserved 1056768K
  class space    used 748K, capacity 879K, committed 896K, reserved 1048576K
}
Event: 84203.883 GC heap before
{Heap before GC invocations=2 (full 0):
 garbage-first heap   total 65536K, used 14653K [0x00000000c2e00000, 0x0000000100000000)
  region size 1024K, 12 young (12288K), 1 survivors (1024K)
 Metaspace       used 6854K, capacity 7197K, committed 7424K, reserved 1056768K
  class space    used 789K, capacity 913K, committed 1024K, reserved 1048576K
}
Event: 84203.887 GC heap after
{Heap after GC invocations=3 (full 0):
 garbage-first heap   total 65536K, used 3430K [0x00000000c2e00000, 0x0000000100000000)
  region size 1024K, 1 young (1024K), 1 survivors (1024K)
 Metaspace       used 6854K, capacity 7197K, committed 7424K, reserved 1056768K
  class space    used 789K, capacity 913K, committed 1024K, reserved 1048576K
}
Event: 290772.449 GC heap before
{Heap before GC invocations=3 (full 0):
 garbage-first heap   total 65536K, used 20838K [0x00000000c2e00000, 0x0000000100000000)
  region size 1024K, 18 young (18432K), 1 survivors (1024K)
 Metaspace       used 6854K, capacity 7197K, committed 7424K, reserved 1056768K
  class space    used 789K, capacity 913K, committed 1024K, reserved 1048576K
}
Event: 290772.471 GC heap after
{Heap after GC invocations=4 (full 0):
 garbage-first heap   total 65536K, used 3382K [0x00000000c2e00000, 0x0000000100000000)
  region size 1024K, 1 young (1024K), 1 survivors (1024K)
 Metaspace       used 6854K, capacity 7197K, committed 7424K, reserved 1056768K
  class space    used 789K, capacity 913K, committed 1024K, reserved 1048576K
}
Event: 520714.188 GC heap before
{Heap before GC invocations=4 (full 0):
 garbage-first heap   total 65536K, used 28982K [0x00000000c2e00000, 0x0000000100000000)
  region size 1024K, 26 young (26624K), 1 survivors (1024K)
 Metaspace       used 7641K, capacity 7971K, committed 8192K, reserved 1056768K
  class space    used 842K, capacity 977K, committed 1024K, reserved 1048576K
}
Event: 520734.120 GC heap after
{Heap after GC invocations=5 (full 0):
 garbage-first heap   total 65536K, used 3424K [0x00000000c2e00000, 0x0000000100000000)
  region size 1024K, 1 young (1024K), 1 survivors (1024K)
 Metaspace       used 7641K, capacity 7971K, committed 8192K, reserved 1056768K
  class space    used 842K, capacity 977K, committed 1024K, reserved 1048576K
}

